<?xml version="1.0" encoding="UTF-8"?>
<testng-results ignored="0" total="2" passed="2" failed="0" skipped="0">
  <reporter-output>
  </reporter-output>
  <suite started-at="2019-07-23T04:17:00Z" name="Default suite" finished-at="2019-07-23T04:18:56Z" duration-ms="115622">
    <groups>
    </groups>
    <test started-at="2019-07-23T04:17:00Z" name="Default test" finished-at="2019-07-23T04:18:56Z" duration-ms="115622">
      <class name="pom.Purchaseorder_page">
        <test-method is-config="true" signature="launchdriver()[pri:0, instance:pom.Purchaseorder_page@3bd40a57]" started-at="2019-07-23T04:17:00Z" name="launchdriver" finished-at="2019-07-23T04:17:59Z" duration-ms="58768" status="PASS">
          <reporter-output>
          </reporter-output>
        </test-method> <!-- launchdriver -->
        <test-method signature="login()[pri:0, instance:pom.Purchaseorder_page@3bd40a57]" started-at="2019-07-23T04:17:59Z" name="login" finished-at="2019-07-23T04:18:36Z" duration-ms="37102" status="PASS">
          <reporter-output>
          </reporter-output>
        </test-method> <!-- login -->
        <test-method signature="searchproduct()[pri:0, instance:pom.Purchaseorder_page@3bd40a57]" started-at="2019-07-23T04:18:36Z" name="searchproduct" finished-at="2019-07-23T04:18:54Z" duration-ms="17578" status="PASS">
          <reporter-output>
          </reporter-output>
        </test-method> <!-- searchproduct -->
        <test-method is-config="true" signature="closeBrowser()[pri:0, instance:pom.Purchaseorder_page@3bd40a57]" started-at="2019-07-23T04:18:54Z" name="closeBrowser" finished-at="2019-07-23T04:18:56Z" duration-ms="2066" status="PASS">
          <reporter-output>
          </reporter-output>
        </test-method> <!-- closeBrowser -->
      </class> <!-- pom.Purchaseorder_page -->
    </test> <!-- Default test -->
  </suite> <!-- Default suite -->
</testng-results>
